<?xml version="1.0" encoding="UTF-8"?>
<testsuite name="net.masterthought.dlanguage.codeinsight.DFindUsagesTest" tests="1" skipped="0" failures="0" errors="0" timestamp="2016-07-20T18:10:18" hostname="serial.home" time="9.2">
  <properties/>
  <testcase name="testFunctionUsagesInSingleFile" classname="net.masterthought.dlanguage.codeinsight.DFindUsagesTest" time="9.2"/>
  <system-out><![CDATA[]]></system-out>
  <system-err><![CDATA[[   4793]   WARN - impl.local.LocalFileSystemBase - Invalid path: light_idea_test_case.iml 
[   4847]   WARN - impl.local.LocalFileSystemBase - Invalid path: light_idea_test_case.iml 
[   4957]   WARN - impl.local.LocalFileSystemBase - Invalid path: light_idea_test_case.iml 
]]></system-err>
</testsuite>
