<?xml version="1.0" encoding="UTF-8"?>
<testsuite name="net.masterthought.dlanguage.features.DFoldingBuilderTest" tests="1" skipped="0" failures="0" errors="0" timestamp="2016-07-20T18:13:36" hostname="serial.home" time="6.455">
  <properties/>
  <testcase name="testFold00001" classname="net.masterthought.dlanguage.features.DFoldingBuilderTest" time="6.455"/>
  <system-out><![CDATA[]]></system-out>
  <system-err><![CDATA[[   4165]   WARN - impl.local.LocalFileSystemBase - Invalid path: light_idea_test_case.iml 
[   4201]   WARN - impl.local.LocalFileSystemBase - Invalid path: light_idea_test_case.iml 
[   4301]   WARN - impl.local.LocalFileSystemBase - Invalid path: light_idea_test_case.iml 
]]></system-err>
</testsuite>
